[    0.000000] Initializing cgroup subsys cpuset
[    0.000000] Initializing cgroup subsys cpu
[    0.000000] Initializing cgroup subsys cpuacct
[    0.000000] Linux version 4.4.0-98-generic (buildd@lcy01-03) (gcc version 5.4.0 2060609 (Ubuntu 5.4.0-6ubuntu1~16.04.4) ) #121-Ubuntu SMP Tue Oct 10 14:24:03 UTC 2017 (Ubuntu 4.4.0-98.121-generic 4.4.90)
[    0.000000] Command line: BOOT_IMAGE=/boot/vmlinuz-4.4.0-98-generic root=LLABEL=cloudimg-rootfs ro console=tty1 console=ttyS0
[    0.000000] KERNEL supported cpus:
[    0.000000]   Intel GenuineIntel
[    0.000000]   AMD AuthenticAMD
[    0.000000]   Centaur CentaurHauls
[    0.000000] x86/fpu: xstate_offset[2]:  576, xstate_sizes[2]:  256
[    0.000000] x86/fpu: Supporting XSAVE feature 0x01: 'x87 floating point registers'
[    0.000000] x86/fpu: Supporting XSAVE feature 0x02: 'SSE registers'
[    0.000000] x86/fpu: Supporting XSAVE feature 0x04: 'AVX registers'
[    0.000000] x86/fpu: Enabled xstate features 0x7, context size is 832 bytes, using 'standard' format.
[    0.000000] x86/fpu: Using 'lazy' FPU context switches.
[    0.000000] e820: BIOS-provided physical RAM map:
[    0.000000] BIOS-e820: [mem 0x0000000000000000-0x000000000009fbff] usable
[    0.000000] BIOS-e820: [mem 0x000000000009fc00-0x000000000009ffff] reserved
[    0.000000] BIOS-e820: [mem 0x00000000000f0000-0x00000000000fffff] reserved
[    0.000000] BIOS-e820: [mem 0x0000000000100000-0x000000003ffeffff] usable
[    0.000000] BIOS-e820: [mem 0x000000003fff0000-0x000000003fffffff] ACPI data
[    0.000000] BIOS-e820: [mem 0x00000000fec00000-0x00000000fec00fff] reserved
[    0.000000] BIOS-e820: [mem 0x00000000fee00000-0x00000000fee00fff] reserved
[    0.000000] BIOS-e820: [mem 0x00000000fffc0000-0x00000000ffffffff] reserved
[    0.000000] NX (Execute Disable) protection: active
[    0.000000] SMBIOS 2.5 present.
[    0.000000] Hypervisor detected: KVM
[    0.000000] e820: last_pfn = 0x3fff0 max_arch_pfn = 0x400000000
[    0.000000] MTRR: Disabled
[    0.000000] x86/PAT: MTRRs disabled, skipping PAT initialization too.
[    0.000000] CPU MTRRs all blank - virtualized system.
[    0.000000] x86/PAT: Configuration [0-7]: WB  WT  UC- UC  WB  WT  UC- UC  
[    0.000000] found SMP MP-table at [mem 0x0009fff0-0x0009ffff] mapped at [ffff88000009fff0]
[    0.000000] Scanning 1 areas for low memory corruption
[    0.000000] RAMDISK: [mem 0x36ac2000-0x37558fff]
[    0.000000] ACPI: Early table checksum verification disabled
[    0.000000] ACPI: RSDP 0x00000000000E0000 000024 (v02 VBOX  )
[    0.000000] ACPI: XSDT 0x000000003FFF0030 00003C (v01 VBOX   VBOXXSDT 00000001 ASL  00000061)
[    0.000000] ACPI: FACP 0x000000003FFF00F0 0000F4 (v04 VBOX   VBOXFACP 00000001 ASL  00000061)
[    0.000000] ACPI: DSDT 0x000000003FFF0470 00210F (v01 VBOX   VBOXBIOS 00000002 INTL 20100528)
[    0.000000] ACPI: FACS 0x000000003FFF0200 000040
[    0.000000] ACPI: FACS 0x000000003FFF0200 000040
[    0.000000] ACPI: APIC 0x000000003FFF0240 00005C (v02 VBOX   VBOXAPIC 00000001 ASL  00000061)
[    0.000000] ACPI: SSDT 0x000000003FFF02A0 0001CC (v01 VBOX   VBOXCPUT 00000002 INTL 20100528)
[    0.000000] No NUMA configuration found
[    0.000000] Faking a node at [mem 0x0000000000000000-0x000000003ffeffff]
[    0.000000] NODE_DATA(0) allocated [mem 0x3ffeb000-0x3ffeffff]
[    0.000000] kvm-clock: Using msrs 4b564d01 and 4b564d00
[    0.000000] kvm-clock: cpu 0, msr 0:3ffe3001, primary cpu clock
[    0.000000] kvm-clock: using sched offset of 4417150352 cycles
[    0.000000] clocksource: kvm-clock: mask: 0xffffffffffffffff max_cycles: 0x1cd42e4dffb, max_idle_ns: 881590591483 ns
[    0.000000] Zone ranges:
[    0.000000]   DMA      [mem 0x0000000000001000-0x0000000000ffffff]
[    0.000000]   DMA32    [mem 0x0000000001000000-0x000000003ffeffff]
[    0.000000]   Normal   empty
[    0.000000]   Device   empty
[    0.000000] Movable zone start for each node
[    0.000000] Early memory node ranges
[    0.000000]   node   0: [mem 0x0000000000001000-0x000000000009efff]
[    0.000000]   node   0: [mem 0x0000000000100000-0x000000003ffeffff]
[    0.000000] Initmem setup node 0 [mem 0x0000000000001000-0x000000003ffeffff]
[    0.000000] ACPI: PM-Timer IO Port: 0x4008
[    0.000000] IOAPIC[0]: apic_id 2, version 32, address 0xfec00000, GSI 0-23
[    0.000000] ACPI: INT_SRC_OVR (bus 0 bus_irq 0 global_irq 2 dfl dfl)
[    0.000000] ACPI: INT_SRC_OVR (bus 0 bus_irq 9 global_irq 9 high level)
[    0.000000] Using ACPI (MADT) for SMP configuration information
[    0.000000] smpboot: Allowing 2 CPUs, 0 hotplug CPUs
[    0.000000] PM: Registered nosave memory: [mem 0x00000000-0x00000fff]
[    0.000000] PM: Registered nosave memory: [mem 0x0009f000-0x0009ffff]
[    0.000000] PM: Registered nosave memory: [mem 0x000a0000-0x000effff]
[    0.000000] PM: Registered nosave memory: [mem 0x000f0000-0x000fffff]
[    0.000000] e820: [mem 0x40000000-0xfebfffff] available for PCI devices
[    0.000000] Booting paravirtualized kernel on KVM
[    0.000000] clocksource: refined-jiffies: mask: 0xffffffff max_cycles: 0xffffffff, max_idle_ns: 7645519600211568 ns
[    0.000000] setup_percpu: NR_CPUS:512 nr_cpumask_bits:512 nr_cpu_ids:2 nr_node_ids:1
[    0.000000] PERCPU: Embedded 34 pages/cpu @ffff88003fc00000 s98328 r8192 d32744 u1048576
[    0.000000] PV qspinlock hash table entries: 256 (order: 0, 4096 bytes)
[    0.000000] Built 1 zonelists in Node order, mobility grouping on.  Total pages: 257913
[    0.000000] Policy zone: DMA32
[    0.000000] Kernel command line: BOOT_IMAGE=/boot/vmlinuz-4.4.0-98-generic root=LABEL=cloudimg-rootfs ro console=tty1 console=ttyS0
[    0.000000] PID hash table entries: 4096 (order: 3, 32768 bytes)
[    0.000000] Memory: 1001720K/1048120K available (8484K kernel code, 1294K rwdata, 3988K rodata, 1492K init, 1316K bss, 46400K reserved, 0K cma-reserved)
[    0.000000] SLUB: HWalign=64, Order=0-3, MinObjects=0, CPUs=2, Nodes=1
[    0.000000] Hierarchical RCU implementation.
[    0.000000] 	Build-time adjustment of leaf fanout to 64.
[    0.000000] 	RCU restricting CPUs from NR_CPUS=512 to nr_cpu_ids=2.
[    0.000000] RCU: Adjusting geometry for rcu_fanout_leaf=64, nr_cpu_ids=2
[    0.000000] NR_IRQS:33024 nr_irqs:440 16
[    0.000000] Console: colour VGA+ 80x25
[    0.000000] console [tty1] enabled
[    0.000000] console [ttyS0] enabled
[    0.000000] tsc: Detected 3392.294 MHz processor
[    0.822593] Calibrating delay loop (skipped) preset value.. 6784.58 BogoMIPS (lpj=13569176)
[    0.827453] pid_max: default: 32768 minimum: 301
[    0.828409] ACPI: Core revision 20150930
[    0.830473] ACPI: 2 ACPI AML tables successfully acquired and loaded
[    0.836284] Security Framework initialized
[    0.837092] Yama: becoming mindful.
[    0.837873] AppArmor: AppArmor initialized
[    0.838762] Dentry cache hash table entries: 131072 (order: 8, 1048576 bytes)
[    0.840172] Inode-cache hash table entries: 65536 (order: 7, 524288 bytes)
[    0.843714] Mount-cache hash table entries: 2048 (order: 2, 16384 bytes)
[    0.848211] Mountpoint-cache hash table entries: 2048 (order: 2, 16384 bytes)
[    0.849713] Initializing cgroup subsys io
[    0.850547] Initializing cgroup subsys memory
[    0.851392] Initializing cgroup subsys devices
[    0.852283] Initializing cgroup subsys freezer
[    0.853188] Initializing cgroup subsys net_cls
[    0.854161] Initializing cgroup subsys perf_event
[    0.855557] Initializing cgroup subsys net_prio
[    0.857793] Initializing cgroup subsys hugetlb
[    0.858917] Initializing cgroup subsys pids
[    0.862592] CPU: Physical Processor ID: 0
[    0.873964] CPU: Processor Core ID: 0
[    0.874761] mce: CPU supports 0 MCE banks
[    0.878180] Last level iTLB entries: 4KB 512, 2MB 8, 4MB 8
[    0.886266] Last level dTLB entries: 4KB 512, 2MB 32, 4MB 32, 1GB 0
[    0.897062] Freeing SMP alternatives memory: 32K
[    0.909737] ftrace: allocating 32154 entries in 126 pages
[    0.972433] smpboot: APIC(0) Converting physical 0 to logical package 0
[    0.992024] smpboot: Max logical packages: 1
[    1.006402] x2apic enabled
[    1.011257] Switched APIC routing to physical x2apic.
[    1.026350] ..TIMER: vector=0x30 apic1=0 pin1=2 apic2=-1 pin2=-1
[    1.137956] smpboot: CPU0: Intel(R) Core(TM) i3-3240 CPU @ 3.40GHz (family: 0x6, model: 0x3a, stepping: 0x9)
[    1.214438] Performance Events: unsupported p6 CPU model 58 no PMU driver, software events only.
[    1.251676] KVM setup paravirtual spinlock
[    1.274035] x86: Booting SMP configuration:
[    1.307567] .... node  #0, CPUs:      #1
[    1.339839] kvm-clock: cpu 1, msr 0:3ffe3041, secondary cpu clock
[    1.384644] mce: CPU supports 0 MCE banks
[    1.401643] x86: Booted up 1 node, 2 CPUs
[    1.405018] smpboot: Total of 2 processors activated (13569.17 BogoMIPS)
[    1.410102] devtmpfs: initialized
[    1.418353] evm: security.selinux
[    1.423929] evm: security.SMACK64
[    1.427707] evm: security.SMACK64EXEC
[    1.428516] evm: security.SMACK64TRANSMUTE
[    1.431919] evm: security.SMACK64MMAP
[    1.432670] evm: security.ima
[    1.433332] evm: security.capability
[    1.434307] clocksource: jiffies: mask: 0xffffffff max_cycles: 0xffffffff, max_idle_ns: 7645041785100000 ns
[    1.437812] futex hash table entries: 512 (order: 3, 32768 bytes)
[    1.439181] pinctrl core: initialized pinctrl subsystem
[    1.440310] RTC time:  9:41:42, date: 11/22/17
[    1.442248] NET: Registered protocol family 16
[    1.455949] cpuidle: using governor ladder
[    1.499501] cpuidle: using governor menu
[    1.507823] PCCT header not found.
[    1.523866] ACPI: bus type PCI registered
[    1.526448] acpiphp: ACPI Hot Plug PCI Controller Driver version: 0.5
[    1.536162] PCI: Using configuration type 1 for base access
[    1.559295] ACPI: Added _OSI(Module Device)
[    1.561582] ACPI: Added _OSI(Processor Device)
[    1.562950] ACPI: Added _OSI(3.0 _SCP Extensions)
[    1.564298] ACPI: Added _OSI(Processor Aggregator Device)
[    1.573045] ACPI: Executed 1 blocks of module-level executable AML code
[    1.579171] ACPI: Interpreter enabled
[    1.581300] ACPI: (supports S0 S5)
[    1.582090] ACPI: Using IOAPIC for interrupt routing
[    1.589091] PCI: Using host bridge windows from ACPI; if necessary, use "pci=nocrs" and report a bug
[    1.595726] ACPI: PCI Root Bridge [PCI0] (domain 0000 [bus 00-ff])
[    1.602652] acpi PNP0A03:00: _OSC: OS supports [ASPM ClockPM Segments MSI]
[    1.603947] acpi PNP0A03:00: _OSC failed (AE_NOT_FOUND); disabling ASPM
[    1.605153] acpi PNP0A03:00: fail to add MMCONFIG information, can't access extended PCI configuration space under this bridge.
[    1.607773] PCI host bridge to bus 0000:00
[    1.609224] pci_bus 0000:00: root bus resource [io  0x0000-0x0cf7 window]
[    1.618770] pci_bus 0000:00: root bus resource [io  0x0d00-0xffff window]
[    1.620053] pci_bus 0000:00: root bus resource [mem 0x000a0000-0x000bffff window]
[    1.621613] pci_bus 0000:00: root bus resource [mem 0x40000000-0xffdfffff window]
[    1.627510] pci_bus 0000:00: root bus resource [bus 00-ff]
[    1.632861] pci 0000:00:01.1: legacy IDE quirk: reg 0x10: [io  0x01f0-0x01f7]
[    1.636534] pci 0000:00:01.1: legacy IDE quirk: reg 0x14: [io  0x03f6]
[    1.653201] pci 0000:00:01.1: legacy IDE quirk: reg 0x18: [io  0x0170-0x0177]
[    1.654431] pci 0000:00:01.1: legacy IDE quirk: reg 0x1c: [io  0x0376]
[    1.676375] pci 0000:00:07.0: quirk: [io  0x4000-0x403f] claimed by PIIX4 ACPI
[    1.706714] pci 0000:00:07.0: quirk: [io  0x4100-0x410f] claimed by PIIX4 SMB
[    1.730997] ACPI: PCI Interrupt Link [LNKA] (IRQs 5 9 10 *11)
[    1.736694] ACPI: PCI Interrupt Link [LNKB] (IRQs 5 9 10 *11)
[    1.757053] ACPI: PCI Interrupt Link [LNKC] (IRQs 5 9 *10 11)
[    1.769597] ACPI: PCI Interrupt Link [LNKD] (IRQs 5 *9 10 11)
[    1.771575] ACPI: Enabled 2 GPEs in block 00 to 07
[    1.772924] vgaarb: setting as boot device: PCI:0000:00:02.0
[    1.782930] vgaarb: device added: PCI:0000:00:02.0,decodes=io+mem,owns=io+mem,locks=none
[    1.801367] vgaarb: loaded
[    1.806736] vgaarb: bridge control possible 0000:00:02.0
[    1.813540] SCSI subsystem initialized
[    1.814616] ACPI: bus type USB registered
[    1.818577] usbcore: registered new interface driver usbfs
[    1.822386] usbcore: registered new interface driver hub
[    1.831020] usbcore: registered new device driver usb
[    1.832656] PCI: Using ACPI for IRQ routing
[    1.835366] NetLabel: Initializing
[    1.836190] NetLabel:  domain hash size = 128
[    1.838122] NetLabel:  protocols = UNLABELED CIPSOv4
[    1.840260] NetLabel:  unlabeled traffic allowed by default
[    1.844108] amd_nb: Cannot enumerate AMD northbridges
[    1.852183] clocksource: Switched to clocksource kvm-clock
[    1.863115] AppArmor: AppArmor Filesystem Enabled
[    1.865691] pnp: PnP ACPI init
[    1.867733] pnp: PnP ACPI: found 3 devices
[    1.879646] clocksource: acpi_pm: mask: 0xffffff max_cycles: 0xffffff, max_idle_ns: 2085701024 ns
[    1.921393] NET: Registered protocol family 2
[    1.932488] TCP established hash table entries: 8192 (order: 4, 65536 bytes)
[    1.935340] TCP bind hash table entries: 8192 (order: 5, 131072 bytes)
[    1.948179] TCP: Hash tables configured (established 8192 bind 8192)
[    1.974144] UDP hash table entries: 512 (order: 2, 16384 bytes)
[    1.979280] UDP-Lite hash table entries: 512 (order: 2, 16384 bytes)
[    1.993671] NET: Registered protocol family 1
[    1.998166] pci 0000:00:00.0: Limiting direct PCI/PCI transfers
[    2.031527] pci 0000:00:01.0: Activating ISA DMA hang workarounds
[    2.053638] Unpacking initramfs...
[    3.909168] Freeing initrd memory: 10844K
[    3.917685] RAPL PMU detected, API unit is 2^-32 Joules, 3 fixed counters 10737418240 ms ovfl timer
[    3.982207] hw unit of domain pp0-core 2^-0 Joules
[    3.991250] hw unit of domain package 2^-0 Joules
[    4.015359] hw unit of domain pp1-gpu 2^-0 Joules
[    4.029191] platform rtc_cmos: registered platform RTC device (no PNP device found)
[    4.052694] Scanning for low memory corruption every 60 seconds
[    4.080101] audit: initializing netlink subsys (disabled)
[    4.088282] audit: type=2000 audit(1511343709.647:1): initialized
[    4.097336] Initialise system trusted keyring
[    4.101305] HugeTLB registered 2 MB page size, pre-allocated 0 pages
[    4.107403] zbud: loaded
[    4.110344] VFS: Disk quotas dquot_6.6.0
[    4.111464] VFS: Dquot-cache hash table entries: 512 (order 0, 4096 bytes)
[    4.126177] squashfs: version 4.0 (2009/01/31) Phillip Lougher
[    4.149337] fuse init (API version 7.23)
[    4.150951] Key type big_key registered
[    4.153163] Allocating IMA MOK and blacklist keyrings.
[    4.155857] Key type asymmetric registered
[    4.158149] Asymmetric key parser 'x509' registered
[    4.159396] Block layer SCSI generic (bsg) driver version 0.4 loaded (major 249)
[    4.167069] io scheduler noop registered
[    4.169333] io scheduler deadline registered (default)
[    4.171002] io scheduler cfq registered
[    4.179168] pci_hotplug: PCI Hot Plug PCI Core version: 0.5
[    4.208180] pciehp: PCI Express Hot Plug Controller Driver version: 0.4
[    4.238011] ACPI: AC Adapter [AC] (on-line)
[    4.239041] input: Power Button as /devices/LNXSYSTM:00/LNXPWRBN:00/input/input0
[    4.265410] ACPI: Power Button [PWRF]
[    4.266445] input: Sleep Button as /devices/LNXSYSTM:00/LNXSLPBN:00/input/input1
[    4.268211] ACPI: Sleep Button [SLPF]
[    4.269372] GHES: HEST is not enabled!
[    4.281862] Serial: 8250/16550 driver, 32 ports, IRQ sharing enabled
[    4.305538] 00:02: ttyS0 at I/O 0x3f8 (irq = 4, base_baud = 115200) is a 16550A
[    4.310753] Linux agpgart interface v0.103
[    4.320373] loop: module loaded
[    4.329363] scsi host0: ata_piix
[    4.335843] scsi host1: ata_piix
[    4.338959] ata1: PATA max UDMA/33 cmd 0x1f0 ctl 0x3f6 bmdma 0xd000 irq 14
[    4.352434] ata2: PATA max UDMA/33 cmd 0x170 ctl 0x376 bmdma 0xd008 irq 15
[    4.359245] libphy: Fixed MDIO Bus: probed
[    4.365602] tun: Universal TUN/TAP device driver, 1.6
[    4.367925] tun: (C) 1999-2004 Max Krasnyansky <maxk@qualcomm.com>
[    4.376040] PPP generic driver version 2.4.2
[    4.382602] ehci_hcd: USB 2.0 'Enhanced' Host Controller (EHCI) Driver
[    4.395105] ehci-pci: EHCI PCI platform driver
[    4.396135] ehci-platform: EHCI generic platform driver
[    4.397528] ohci_hcd: USB 1.1 'Open' Host Controller (OHCI) Driver
[    4.398899] ohci-pci: OHCI PCI platform driver
[    4.400054] ohci-platform: OHCI generic platform driver
[    4.401249] uhci_hcd: USB Universal Host Controller Interface driver
[    4.402632] i8042: PNP: PS/2 Controller [PNP0303:PS2K,PNP0f03:PS2M] at 0x60,0x64 irq 1,12
[    4.405306] serio: i8042 KBD port at 0x60,0x64 irq 1
[    4.407710] serio: i8042 AUX port at 0x60,0x64 irq 12
[    4.409083] mousedev: PS/2 mouse device common for all mice
[    4.416327] input: AT Translated Set 2 keyboard as /devices/platform/i8042/serio0/input/input2
[    4.419833] rtc_cmos rtc_cmos: rtc core: registered rtc_cmos as rtc0
[    4.421349] rtc_cmos rtc_cmos: alarms up to one day, 114 bytes nvram
[    4.428317] i2c /dev entries driver
[    4.429410] device-mapper: uevent: version 1.0.3
[    4.430698] device-mapper: ioctl: 4.34.0-ioctl (2015-10-28) initialised: dm-devel@redhat.com
[    4.438077] ledtrig-cpu: registered to indicate activity on CPUs
[    4.439958] NET: Registered protocol family 10
[    4.442334] NET: Registered protocol family 17
[    4.444466] Key type dns_resolver registered
[    4.445781] microcode: CPU0 sig=0x306a9, pf=0x2, revision=0x19
[    4.450540] microcode: CPU1 sig=0x306a9, pf=0x2, revision=0x19
[    4.453002] microcode: Microcode Update Driver: v2.01 <tigran@aivazian.fsnet.co.uk>, Peter Oruba
[    4.460621] registered taskstats version 1
[    4.462800] Loading compiled-in X.509 certificates
[    4.464774] Loaded X.509 cert 'Build time autogenerated kernel key: 7431eaeda5a51458aeb00f8de0f18f89e178d882'
[    4.466967] zswap: loaded using pool lzo/zbud
[    4.469978] Key type trusted registered
[    4.476011] Key type encrypted registered
[    4.478058] AppArmor: AppArmor sha1 policy hashing enabled
[    4.480681] ima: No TPM chip found, activating TPM-bypass!
[    4.482172] evm: HMAC attrs: 0x1
[    4.483601]   Magic number: 9:769:677
[    4.485772] rtc_cmos rtc_cmos: setting system clock to 2017-11-22 09:41:45 UTC (1511343705)
[    4.487698] BIOS EDD facility v0.16 2004-Jun-25, 0 devices found
[    4.495650] EDD information not available.
[    4.521538] Freeing unused kernel memory: 1492K
[    4.530363] Write protecting the kernel read-only data: 14336k
[    4.532122] Freeing unused kernel memory: 1744K
[    4.535555] Freeing unused kernel memory: 108K
Loading, please wait...
[    4.551518] random: systemd-udevd: uninitialized urandom read (16 bytes read, 2 bits of entropy available)
starting version 229
[    4.552118] random: udevadm: uninitialized urandom read (16 bytes read, 2 bits of entropy available)
[    4.552138] random: udevadm: uninitialized urandom read (16 bytes read, 2 bits of entropy available)
[    4.560653] random: udevadm: uninitialized urandom read (16 bytes read, 2 bits of entropy available)
[    4.560689] random: udevadm: uninitialized urandom read (16 bytes read, 2 bits of entropy available)
[    4.560818] random: udevadm: uninitialized urandom read (16 bytes read, 2 bits of entropy available)
[    4.560866] random: udevadm: uninitialized urandom read (16 bytes read, 2 bits of entropy available)
[    4.560909] random: udevadm: uninitialized urandom read (16 bytes read, 2 bits of entropy available)
[    4.560953] random: udevadm: uninitialized urandom read (16 bytes read, 2 bits of entropy available)
[    4.560996] random: udevadm: uninitialized urandom read (16 bytes read, 2 bits of entropy available)
[    4.657072] e1000: Intel(R) PRO/1000 Network Driver - version 7.3.21-k8-NAPI
[    4.676782] e1000: Copyright (c) 1999-2006 Intel Corporation.
[    4.687220] Fusion MPT base driver 3.04.20
[    4.694365] Copyright (c) 1999-2008 LSI Corporation
[    4.701395] Fusion MPT SPI Host driver 3.04.20
[    4.952393] input: ImExPS/2 Generic Explorer Mouse as /devices/platform/i8042/serio1/input/input4
[    5.030784] tsc: Refined TSC clocksource calibration: 3391.470 MHz
[    5.042567] clocksource: tsc: mask: 0xffffffffffffffff max_cycles: 0x30e2d4cf3da, max_idle_ns: 440795285107 ns
[    5.083298] e1000 0000:00:03.0 eth0: (PCI:33MHz:32-bit) 02:7e:71:36:a3:a3
[    5.083305] e1000 0000:00:03.0 eth0: Intel(R) PRO/1000 Network Connection
[    5.457070] e1000 0000:00:08.0 eth1: (PCI:33MHz:32-bit) 08:00:27:48:f7:f6
[    5.471751] e1000 0000:00:08.0 eth1: Intel(R) PRO/1000 Network Connection
[    5.474102] mptbase: ioc0: Initiating bringup
[    5.474965] e1000 0000:00:03.0 enp0s3: renamed from eth0
[    5.492786] e1000 0000:00:08.0 enp0s8: renamed from eth1
[    5.540748] ioc0: LSI53C1030 A0: Capabilities={Initiator}
[    5.707771] scsi host2: ioc0: LSI53C1030 A0, FwRev=00000000h, Ports=1, MaxQ=256, IRQ=20
[    5.824899] scsi 2:0:0:0: Direct-Access     VBOX     HARDDISK         1.0  PQ: 0 ANSI: 5
[    5.828663] scsi target2:0:0: Beginning Domain Validation
[    5.831528] scsi target2:0:0: Domain Validation skipping write tests
[    5.839634] scsi target2:0:0: Ending Domain Validation
[    5.841949] scsi target2:0:0: asynchronous
[    5.844630] scsi 2:0:1:0: Direct-Access     VBOX     HARDDISK         1.0  PQ: 0 ANSI: 5
[    5.869611] scsi target2:0:1: Beginning Domain Validation
[    5.875290] scsi target2:0:1: Domain Validation skipping write tests
[    5.884491] scsi target2:0:1: Ending Domain Validation
[    5.897738] scsi target2:0:1: asynchronous
[    5.912428] sd 2:0:0:0: [sda] 20971520 512-byte logical blocks: (10.7 GB/10.0 GiB)
[    5.916476] sd 2:0:0:0: Attached scsi generic sg0 type 0
[    5.920553] sd 2:0:0:0: [sda] Write Protect is off
[    5.936455] sd 2:0:1:0: [sdb] 20480 512-byte logical blocks: (10.5 MB/10.0 MiB)
[    5.936525] sd 2:0:1:0: Attached scsi generic sg1 type 0
[    5.953863] sd 2:0:0:0: [sda] Incomplete mode parameter data
[    5.953991] sd 2:0:1:0: [sdb] Write Protect is off
[    5.954073] sd 2:0:1:0: [sdb] Incomplete mode parameter data
[    5.954074] sd 2:0:1:0: [sdb] Assuming drive cache: write through
[    5.966437] sd 2:0:0:0: [sda] Assuming drive cache: write through
[    5.993275]  sda: sda1
[    5.995933] sd 2:0:1:0: [sdb] Attached SCSI disk
[    6.007310] sd 2:0:0:0: [sda] Attached SCSI disk
[    7.681397] floppy0: no floppy controllers found
[    7.688443] work still pending
Begin: Loading essential drivers[    9.073524] md: linear personality registered for level -1
 ... [    9.121350] md: multipath personality registered for level -4
[    9.133524] md: raid0 personality registered for level 0
[    9.140458] md: raid1 personality registered for level 1
[    9.220447] raid6: sse2x1   gen()  7409 MB/s
[    9.288367] raid6: sse2x1   xor()  5908 MB/s
[    9.364335] raid6: sse2x2   gen()  9108 MB/s
[    9.432360] raid6: sse2x2   xor()  6501 MB/s
[    9.500347] raid6: sse2x4   gen() 11531 MB/s
[    9.568499] raid6: sse2x4   xor()  6542 MB/s
[    9.570280] raid6: using algorithm sse2x4 gen() 11531 MB/s
[    9.574962] raid6: .... xor() 6542 MB/s, rmw enabled
[    9.585082] raid6: using ssse3x2 recovery algorithm
[    9.604619] xor: automatically using best checksumming function:
[    9.652473]    avx       : 19430.000 MB/sec
[    9.657558] async_tx: api initialized (async)
[    9.669351] md: raid6 personality registered for level 6
[    9.682744] md: raid5 personality registered for level 5
[    9.686779] md: raid4 personality registered for level 4
[    9.698666] md: raid10 personality registered for level 10
done.
Begin: Running /scripts/init-premount ... done.
Begin: Mounting root file system ... Begin: Running /scripts/local-top ... done.
Begin: Running /scripts/local-premount ... [    9.740593] Btrfs loaded
Scanning for Btrfs filesystems
done.
Warning: fsck not present, so skipping root file system
[    9.872302] EXT4-fs (sda1): mounted filesystem with ordered data mode. Opts: (null)
done.
Begin: Running /scripts/local-bottom ... done.
Begin: Running /scripts/init-bottom ... done.
[   10.683609] random: nonblocking pool is initialized
[   10.742792] systemd[1]: systemd 229 running in system mode. (+PAM +AUDIT +SELINUX +IMA +APPARMOR +SMACK +SYSVINIT +UTMP +LIBCRYPTSETUP +GCRYPT +GNUTLS +ACL +XZ -LZ4 +SECCOMP +BLKID +ELFUTILS +KMOD -IDN)
[   10.746688] systemd[1]: Detected virtualization oracle.
[   10.751310] systemd[1]: Detected architecture x86-64.

Welcome to [1mUbuntu 16.04.3 LTS[0m!

[   10.921605] systemd[1]: Set hostname to <ubuntu>.
[   10.998128] systemd[1]: Initializing machine ID from random generator.
[   11.000166] systemd[1]: Installed transient /etc/machine-id file.
[   12.272911] systemd[1]: Created slice System Slice.
[[0;32m  OK  [0m] Created slice System Slice.
[   12.311746] systemd[1]: Listening on LVM2 poll daemon socket.
[[0;32m  OK  [0m] Listening on LVM2 poll daemon socket.
[   12.376549] systemd[1]: Reached target Swap.
[[0;32m  OK  [0m] Reached target Swap.
[   12.468629] systemd[1]: Listening on Device-mapper event daemon FIFOs.
[[0;32m  OK  [0m] Listening on Device-mapper event daemon FIFOs.
[   12.544726] systemd[1]: Listening on /dev/initctl Compatibility Named Pipe.
[[0;32m  OK  [0m] Listening on /dev/initctl Compatibility Named Pipe.
[   12.633043] systemd[1]: Created slice system-serial\x2dgetty.slice.
[[0;32m  OK  [0m] Created slice system-serial\x2dgetty.slice.
[   12.701429] systemd[1]: Started Forward Password Requests to Wall Directory Watch.
[[0;32m  OK  [0m] Started Forward Password Requests to Wall Directory Watch.
[   12.717005] systemd[1]: Listening on udev Control Socket.
[[0;32m  OK  [0m] Listening on udev Control Socket.
[   12.740760] systemd[1]: Listening on Journal Socket (/dev/log).
[[0;32m  OK  [0m] Listening on Journal Socket (/dev/log).
[   12.750133] systemd[1]: Set up automount Arbitrary Executable File Formats File System Automount Point.
[[0;32m  OK  [0m] Set up automount Arbitrary Executab...ats File System Automount Point.
[   12.766425] systemd[1]: Listening on LVM2 metadata daemon socket.
[[0;32m  OK  [0m] Listening on LVM2 metadata daemon socket.
[   12.788380] systemd[1]: Listening on Syslog Socket.
[[0;32m  OK  [0m] Listening on Syslog Socket.
[   12.798012] systemd[1]: Started Trigger resolvconf update for networkd DNS.
[[0;32m  OK  [0m] Started Trigger resolvconf update for networkd DNS.
[   12.811289] systemd[1]: Created slice User and Session Slice.
[[0;32m  OK  [0m] Created slice User and Session Slice.
[   12.817237] systemd[1]: Reached target User and Group Name Lookups.
[[0;32m  OK  [0m] Reached target User and Group Name Lookups.
[   12.827328] systemd[1]: Listening on Journal Socket.
[[0;32m  OK  [0m] Listening on Journal Socket.
[   12.840593] systemd[1]: Starting Monitoring of LVM2 mirrors, snapshots etc. using dmeventd or progress polling...
         Starting Monitoring of LVM2 mirrors... dmeventd or progress polling...
[   12.845945] systemd[1]: Starting Remount Root and Kernel File Systems...
         Starting Remount Root and Kernel File Systems...
[   12.852076] systemd[1]: Mounting Huge Pages File System...
         Mounting Huge Pages File System...
[   12.934707] EXT4-fs (sda1): re-mounted. Opts: (null)
[   13.004635] systemd[1]: Starting Load Kernel Modules...
         Starting Load Kernel Modules...
[   13.049760] systemd[1]: Starting Set console keymap...
         Starting Set console keymap...
[   13.108567] systemd[1]: Starting Nameserver information manager...
         Starting Nameserver information manager...
[   13.144703] systemd[1]: Starting Create list of required static device nodes for the current kernel...
         Starting Create list of required st... nodes for the current kernel...
[   13.183093] systemd[1]: Mounting POSIX Message Queue File System...
         Mounting POSIX Message Queue File System...
[   13.223347] Loading iSCSI transport class v2.0-870.
[   13.256669] systemd[1]: Starting Uncomplicated firewall...
         Starting Uncomplicated firewall...
[   13.300433] systemd[1]: Reached target Slices.
[[0;32m  OK  [[   13.327961] iscsi: registered transport (tcp)
0m] Reached target Slices.
[   13.428675] systemd[1]: Reached target Encrypted Volumes.
[[0;32m  OK  [0m] Reached target Encrypted Volumes.
[   13.448017] iscsi: registered transport (iser)
[   13.460583] systemd[1]: Mounting Debug File System...
         Mounting Debug File System...
[   13.504845] systemd[1]: Listening on Journal Audit Socket.
[[0;32m  OK  [0m] Listening on Journal Audit Socket.
[   13.572716] systemd[1]: Starting Journal Service...
         Starting Journal Service...
[   13.620181] systemd[1]: Listening on udev Kernel Socket.
[[0;32m  OK  [0m] Listening on udev Kernel Socket.
[   13.682550] systemd[1]: Mounted Huge Pages File System.
[[0;32m  OK  [0m] Mounted Huge Pages File System.
[   13.723584] systemd[1]: Mounted POSIX Message Queue File System.
[[0;32m  OK  [0m] Mounted POSIX Message Queue File System.
[   13.731741] systemd[1]: Mounted Debug File System.
[[0;32m  OK  [0m] Mounted Debug File System.
[   13.737783] systemd[1]: Started Remount Root and Kernel File Systems.
[[0;32m  OK  [0m] Started Remount Root and Kernel File Systems.
[   13.741725] systemd[1]: Started Load Kernel Modules.
[[0;32m  OK  [0m] Started Load Kernel Modules.
[   13.765289] systemd[1]: Started Set console keymap.
[[0;32m  OK  [0m] Started Set console keymap.
[   13.793674] systemd[1]: Started Create list of required static device nodes for the current kernel.
[[0;32m  OK  [0m] Started Create list of required sta...ce nodes for the current kernel.
[   13.813108] systemd[1]: Started Uncomplicated firewall.
[[0;32m  OK  [0m] Started Uncomplicated firewall.
[   13.856520] systemd[1]: Started Nameserver information manager.
[[0;32m  OK  [0m] Started Nameserver information manager.
[   13.879738] systemd[1]: Started Journal Service.
[[0;32m  OK  [0m] Started Journal Service.
[[0;32m  OK  [0m] Started LVM2 metadata daemon.
         Starting Create Static Device Nodes in /dev...
         Mounting FUSE Control File System...
         Starting Apply Kernel Variables...
         Starting Load/Save Random Seed...
         Starting Flush Journal to Persistent Storage...
         Starting udev Coldplug all Devices...
         Starting Initial cloud-init job (pre-networking)...
[[0;32m  OK  [0m] Mounted FUSE Control File System.
[[0;32m  OK  [0m] Started Load/Save Random Seed.
[   14.221134] systemd-journald[396]: Received request to flush runtime journal from PID 1
[[0;32m  OK  [0m] Started Flush Journal to Persistent Storage.
[[0;32m  OK  [0m] Started udev Coldplug all Devices.
[[0;32m  OK  [0m] Started Apply Kernel Variables.
[[0;32m  OK  [0m] Started Monitoring of LVM2 mirrors,...ng dmeventd or progress polling.
[[0;32m  OK  [0m] Started Create Static Device Nodes in /dev.
         Starting udev Kernel Device Manager...
[[0;32m  OK  [0m] Started udev Kernel Device Manager.
[[0;32m  OK  [0m] Started Dispatch Password Requests to Console Directory Watch.
[[0;32m  OK  [0m] Reached target Local File Systems (Pre).
[[0;32m  OK  [0m] Reached target Local File Systems.
         Starting Create Volatile Files and Directories...
         Starting Commit a transient machine-id on disk...
         Starting Tell Plymouth To Write Out Runtime Data...
         Starting Set console font and keymap...
         Starting LSB: AppArmor initialization...
[[0;32m  OK  [0m] Started Commit a transient machine-id on disk.
[[0;32m  OK  [0m] Found device /dev/ttyS0.
[[0;32m  OK  [0m] Started Create Volatile Files and Directories.
[[0;32m  OK  [0m] Started Tell Plymouth To Write Out Runtime Data.
[[0;32m  OK  [0m] Reached target System Time Synchronized.
         Starting Update UTMP about System Boot/Shutdown...
[[0;32m  OK  [0m] Started Update UTMP about System Boot/Shutdown.
[[0;32m  OK  [0m] Listening on Load/Save RF Kill Switch Status /dev/rfkill Watch.
[[0;32m  OK  [0m] Started LSB: AppArmor initialization.
[[0;32m  OK  [0m] Started Set console font and keymap.
[[0;32m  OK  [0m] Created slice system-getty.slice.
[   20.869761] cloud-init[429]: Cloud-init v. 17.1 running 'init-local' at Wed, 22 Nov 2017 09:42:02 +0000. Up 20.25 seconds.
[[0;32m  OK  [0m] Started Initial cloud-init job (pre-networking).
[[0;32m  OK  [0m] Reached target Network (Pre).
         Starting Raise network interfaces...
[[0;32m  OK  [0m] Started Raise network interfaces.
[[0;32m  OK  [0m] Reached target Network.
         Starting Initial cloud-init job (metadata service crawler)...
[   24.149699] cloud-init[936]: Cloud-init v. 17.1 running 'init' at Wed, 22 Nov 2017 09:42:04 +0000. Up 21.73 seconds.
[   24.161306] cloud-init[936]: ci-info: ++++++++++++++++++++++++++++++++++++++Net device info++++++++++++++++++++++++++++++++++++++
[[0;32m  OK  [0m[   24.244674] ] cloud-initStarted Initial cloud-init job (metadata service crawler).[936]: 
ci-info: +--------+-------+----------------------------+---------------+-------+-------------------+
[   24.352874] cloud-init[936]: ci-info: | Device |   Up  |          Address           |      Mask     | Scope |     Hw-Address    |
[   24.356210] cloud-init[936]: ci-info: +--------+-------+----------------------------+---------------+-------+-------------------+
[   24.359209] cloud-init[936]: ci-info: | enp0s3 |  True |         10.0.2.15          | 255.255.255.0 |   .   | 02:7e:71:36:a3:a3 |
[   24.381367] cloud-init[936]: ci-info: | enp0s3 |  True | fe80::7e:71ff:fe36:a3a3/64 |       .       |  link | 02:7e:71:36:a3:a3 |
[   24.381731] cloud-init[936]: ci-info: | enp0s8 | False |             .              |       .       |   .   | 08:00:27:48:f7:f6 |
[[0;32m  OK  [0m] Reached target Cloud-config availability.
[   24.382599] cloud-init[936]: ci-info: |   lo   |  True |         127.0.0.1          |   255.0.0.0   |   .   |         .         |
[   24.408481] cloud-init[936]: ci-info: |   lo   |  True |          ::1/128           |       .       |  host |         .         |
[[0;32m  OK  [0m] Reached target System Initialization.
         [   24.408538] cloud-init[936]: ci-info: +--------+-------+----------------------------+---------------+-------+-------------------+
[   24.434632] cloud-init[936]: ci-info: +++++++++++++++++++++++++++Route IPv4 info++++++++++++++++++++++++++++
Starting Socket activation for snappy daemon.
[[   24.434837] cloud-init[936]: ci-info: +-------+-------------+----------+---------------+-----------+-------+
[   24.446727] cloud-init[936]: ci-info: | Route | Destination | Gateway  |    Genmask    | Interface | Flags |
[0;32m  OK  [0m] Listening on D-Bus System Message Bus Socket.
[[   24.447342] cloud-init[936]: ci-info: +-------+-------------+----------+---------------+-----------+-------+
[0;32m  OK  [0m] [   24.485380] Listening on ACPID Listen Socket.cloud-init
[936]: ci-info: |   0   |   0.0.0.0   | 10.0.2.2 |    0.0.0.0    |   enp0s3  |   UG  |
[   24.576666] cloud-init[936]: ci-info: |   1   |   10.0.2.0  | 0.0.0.0  | 255.255.255.0 |   enp0s3  |   U   |
[   24.577051] cloud-init[936]: ci-info: +-------+-------------+----------+---------------+-----------+-------+
[   24.577157] cloud-init[936]: Generating public/private rsa key pair.
[   24.577256] cloud-init[936]: Your identification has been saved in /etc/ssh/ssh_host_rsa_key.
[   24.577372] cloud-init[936]: Your public key has been saved in /etc/ssh/ssh_host_rsa_key.pub.
[[0;32m  OK  [0m] Started Timer to automatically refresh installed snaps.
[   24.577649] cloud-init[936]: The key fingerprint is:
[   24.758582] cloud-init[936]: SHA256:biUlFqxUy4E7FIOMb6xCbvmQAIhfH+lZrpR304grKb8 root@ubuntu-xenial
[   24.776386] cloud-init[936]: The key's randomart image is:
[   24.782086] cloud-init[936]: +---[RSA 2048]----+
[   24.787790] cloud-init[936]: |o  o .o*+        |
[   24.796807] cloud-init[936]: |+ . + *oo+       |
[   24.797808] cloud-init[936]: |.. + = O=..o     |
[   24.816721] cloud-init[936]: |... + X.+o+ .    |
[   24.821051] cloud-init[936]: |+ oo . =So..     |
[   24.833067] [cloud-init[0;32m  OK  [0m[936]: ] |.*. . +..o       |Started ACPI Events Check.

[   24.837312] cloud-init[936]: |..o  o .o        |
[   24.837687] cloud-init[936]: |   .  ..         |
[[0;32m  OK  [0m] Reached target Paths.
[[0;32m  OK  [0m] Started Daily Cleanup of Temporary Directories.
[   24.837802] cloud-init[936]: |      E.         |
[   24.929979] cloud-init[936]: +----[SHA256]-----+
[   24.959079] cloud-init[936]: Generating public/private dsa key pair.
[   24.959448] cloud-init[936]: Your identification has been saved in /etc/ssh/ssh_host_dsa_key.
         Starting LXD - unix socket.
[[   24.959638] cloud-init[936]: Your public key has been saved in /etc/ssh/ssh_host_dsa_key.pub.
[   25.000830] cloud-init[936]: The key fingerprint is:
[   25.000948] cloud-init[936]: SHA256:Hev8VYBiaCxfXqALPWKyDI7JyXQK0+3lo+pbJ7uWkRA root@ubuntu-xenial
[   25.001024] cloud-init[936]: The key's randomart image is:
[   25.001093] cloud-init[936]: +---[DSA 1024]----+
[   25.001164] cloud-init[936]: |          .      |
[   25.001233] cloud-init[936]: | .E.   o o . .   |
[0;32m  OK  [0m] Listening on UUID daemon activation socket.
[[0;32m  OK  [0m] Reached target Network is Online.
[   25.001299] cloud-init[936]: |o.ooo * B = o .  |
[   25.044754] cloud-init[936]: |===+ * * B =   . |
[   25.045468] cloud-init[936]: |o=..+.o S +     .|
[[0;32m  OK  [0m] Started Daily apt download activities.
[[   25.045556] cloud-init[936]: |    o. . o     . |
[   25.072543] cloud-init[936]: |    +o.   o   .  |
[   25.072669] cloud-init[936]: |   oo+     . .   |
[   25.072839] cloud-init[936]: | .+oo.      .    |
[   25.073114] cloud-init[936]: +----[SHA256]-----+
[0;32m  OK  [0m] Started Daily apt upgrade and clean activities.
[   25.073794] cloud-init[936]: Generating public/private ecdsa key pair.
[   25.102260] cloud-init[936]: Your identification has been saved in /etc/ssh/ssh_host_ecdsa_key.
[[0;32m  OK  [0m] Reached target Timers.
[   25.102342] cloud-init[936]: Your public key has been saved in /etc/ssh/ssh_host_ecdsa_key.pub.
[   25.184758] cloud-init[936]: The key fingerprint is:
[   25.210462] cloud-init[936]: SHA256:hzUq3m9qugtzLlU/zKEQXahF8DHPInC8hwgUSMl9TMI root@ubuntu-xenial
[   25.224262] cloud-init[936]: The key's randomart image is:
         Starting iSCSI initiator daemon (iscsid)...
[   25.224692] cloud-init[936]: +---[ECDSA 256]---+
[   25.246977] cloud-init[936]: |o+*o+oo++o.      |
[   25.247315] cloud-init[936]: |.o.E.=o.+=       |
[[0;32m  OK  [0m] Listening on Socket activation for snappy daemon.
[[0;32m  OK  [0m] Listening on LXD - unix socket.
[   25.247450] cloud-init[936]: |   ....*o =      |
[[0;32m  OK  [0m] Reached target Sockets.
[   25.285790] cloud-init[936]: |    . =.o=..     |
[   25.324339] cloud-init[936]: |      .+S=..     |
[   25.324867] cloud-init[936]: |     ..o..=      |
[[0;32m  OK  [0m] Reached target Basic System.
[   25.325081] cloud-init[936]: |    o.o .  .     |
[   25.332357] cloud-init[936]: |    .=  ...      |
[   25.336615] cloud-init[936]: |     .==.o.      |
[   25.339496] cloud-init[936]: +----[SHA256]-----+
[   25.345226] cloud-init[936]: Generating public/private ed25519 key pair.
[   25.345638] cloud-init[936]: Your identification has been saved in /etc/ssh/ssh_host_ed25519_key.
[   25.349119] cloud-init[936]: Your public key has been saved in /etc/ssh/ssh_host_ed25519_key.pub.
[   25.349584] cloud-init[936]: The key fingerprint is:
[   25.352651] cloud-init[936]: SHA256:7EQ14eKny35mLohFAIgbau2ZruX6ONEaJhysdQszMR4 root@ubuntu-xenial
[   25.353189] cloud-init[936]: The key's randomart image is:
[   25.356162] cloud-init[936]: +--[ED25519 256]--+
[   25.356887] cloud-init[936]: |....      +.     |
[   25.358416] cloud-init[936]: |+ E .    o .     |
[   25.364286] cloud-init[936]: |o+.+ .  o .      |
[   25.364411] cloud-init[936]: |o+*.. .+ .       |
[   25.364531] cloud-init[936]: |+.+=oo  S .      |
[   25.364621] cloud-init[936]: |o= =. .o o       |
[   25.364695] cloud-init[936]: |o =. o .o        |
[   25.364779] cloud-init[936]: | o+.. ....+      |
[   25.365132] cloud-init[936]: | +=o   .+*.      |
[   25.365211] cloud-init[936]: +----[SHA256]-----+
[[0;32m  OK  [0m] Started ACPI event daemon.
         Starting Apply the settings specified in cloud-config...
         Starting /etc/rc.local Compatibility...
         Starting Snappy daemon...
[[0;32m  OK  [0m] Started Unattended Upgrades Shutdown.
[[0;32m  OK  [0m] Started D-Bus System Message Bus.
[[0;32m  OK  [0m] Started Deferred execution scheduler.
         Starting System Logging Service...
         Starting Pollinate to seed the pseudo random number generator...
         Starting LSB: MD monitoring daemon...
         Starting LSB: Record successful boot for GRUB...
[[0;32m  OK  [0m] Started FUSE filesystem for LXC.
         Starting Login Service...
[[0;32m  OK  [0m] Started Regular background program processing daemon.
         Starting Accounts Service...
         Starting LXD - container startup/shutdown...
[[0;32m  OK  [0m] Started iSCSI initiator daemon (iscsid).
[[0;32m  OK  [0m] Started /etc/rc.local Compatibility.
         Starting Login to default iSCSI targets...
[   26.830742] cloud-init[1038]: Generating locales (this might take a while)...
[[0;32m  OK  [0m] Started Login Service.
[[0;32m  OK  [0m] Started LSB: Record successful boot for GRUB.
[[0;32m  OK  [0m] Started LSB: MD monitoring daemon.
[[0;32m  OK  [0m] Started Login to default iSCSI targets.
[[0;32m  OK  [0m] Reached target Remote File Systems (Pre).
[[0;32m  OK  [0m] Reached target Remote File Systems.
         Starting LSB: daemon to balance interrupts for SMP systems...
         Starting Permit User Sessions...
         Starting LSB: VirtualBox Linux Additions...
         Starting LSB: automatic crash report generation...
         Starting LSB: Set the CPU Frequency Scaling governor to "ondemand"...
[[0;32m  OK  [0m] Started LSB: Set the CPU Frequency Scaling governor to "ondemand".
[[0;32m  OK  [0m] Started Permit User Sessions.
[[0;32m  OK  [0m] Started System Logging Service.
         Starting Terminate Plymouth Boot Screen...
         Starting Hold until boot process finishes up...
[[0;32m  OK  [0m] Started Terminate Plymouth Boot Screen.
[[0;32m  OK  [0m] Started Hold until boot process finishes up.
[[0;32m  OK  [0m] Started Getty on tty1.
[[0;32m  OK  [0m] Started Serial Getty on ttyS0.
[[0;32m  OK  [0m] Reached target Login Prompts.
         Starting Set console scheme...
[[0;32m  OK  [0m] Started LSB: automatic crash report generation.
[[0;32m  OK  [0m] Started Set console scheme.
[[0;32m  OK  [0m] Started LSB: daemon to balance interrupts for SMP systems.
[[0;32m  OK  [0m] Started LSB: VirtualBox Linux Additions.
         Starting Authenticate and Authorize Users to Run Privileged Tasks...
[[0;32m  OK  [0m] Started Authenticate and Authorize Users to Run Privileged Tasks.
[[0;32m  OK  [0m] Started Accounts Service.
[[0;32m  OK  [0m] Started Snappy daemon.
[   31.046743] cloud-init[1038]:   en_US.UTF-8... done
[   31.056668] cloud-init[1038]: Generation complete.
[[0;32m  OK  [0m] Started Pollinate to seed the pseudo random number generator.
         Starting OpenBSD Secure Shell server...
[[0;32m  OK  [0m] Stopped OpenBSD Secure Shell server.
         Starting OpenBSD Secure Shell server...
[[0;32m  OK  [0m] Started LXD - container startup/shutdown.
[[0;32m  OK  [0m] Started OpenBSD Secure Shell server.
[[0;32m  OK  [0m] Reached target Multi-User System.
[[0;32m  OK  [0m] Reached target Graphical Interface.
         Starting Update UTMP about System Runlevel Changes...
[[0;32m  OK  [0m] Started Update UTMP about System Runlevel Changes.

Ubuntu 16.04.3 LTS ubuntu-xenial ttyS0

ubuntu-xenial login: [   34.352732] cloud-init[1038]: Cloud-init v. 17.1 running 'modules:config' at Wed, 22 Nov 2017 09:42:08 +0000. Up 25.95 seconds.
ci-info: no authorized ssh keys fingerprints found for user ubuntu.
<14>Nov 22 09:42:17 ec2: 
<14>Nov 22 09:42:17 ec2: #############################################################
<14>Nov 22 09:42:17 ec2: -----BEGIN SSH HOST KEY FINGERPRINTS-----
<14>Nov 22 09:42:17 ec2: 1024 SHA256:Hev8VYBiaCxfXqALPWKyDI7JyXQK0+3lo+pbJ7uWkRA root@ubuntu-xenial (DSA)
<14>Nov 22 09:42:17 ec2: 256 SHA256:hzUq3m9qugtzLlU/zKEQXahF8DHPInC8hwgUSMl9TMI root@ubuntu-xenial (ECDSA)
<14>Nov 22 09:42:17 ec2: 256 SHA256:7EQ14eKny35mLohFAIgbau2ZruX6ONEaJhysdQszMR4 root@ubuntu-xenial (ED25519)
<14>Nov 22 09:42:17 ec2: 2048 SHA256:biUlFqxUy4E7FIOMb6xCbvmQAIhfH+lZrpR304grKb8 root@ubuntu-xenial (RSA)
<14>Nov 22 09:42:17 ec2: -----END SSH HOST KEY FINGERPRINTS-----
<14>Nov 22 09:42:17 ec2: #############################################################
-----BEGIN SSH HOST KEY KEYS-----
ecdsa-sha2-nistp256 AAAAE2VjZHNhLXNoYTItbmlzdHAyNTYAAAAIbmlzdHAyNTYAAABBBK893Tn14kzgqzO3iX2CtBlxie+I6I9z/0bPLf1Xor2B0P4FTK75Jdiz+8cd0/DK6doGzAkUYbLfrxEGdHAebfM= root@ubuntu-xenial
ssh-ed25519 AAAAC3NzaC1lZDI1NTE5AAAAIKaaWHXnFC0PCj+kp4LpNmtUsmEq8poa3GD6jAKN95DA root@ubuntu-xenial
ssh-rsa AAAAB3NzaC1yc2EAAAADAQABAAABAQDbafj2LWTqW3rY+cxUt+WnrB7lj8tAIVpUOmidawI8m7u8/NxIeV5qKyAvjBcRy2/JLBkS64Gio+VqcbSdCXSC40UK/+JGn5ym+bHkFUPPN0b3zXchgSpMQTCNeKpeAqSi4KFXNYjBr3ukuWn+ed/skiJ8u4AgNOnCzbxuI7/b+H1MWFTWTDstUvo9Cce8mCn1T5lCuzuXwkdRMXOENk0vjstWLtRwCtg9rggIasJeg+L4E6f9mzaGqpUyBqjDdfk9D0wy3xfRA6STTkKNNUeIjWXYklaaO6H7fSGAz9eHWB0atmkG7GMgtlh9FvkxknN1H1gepgA7PGUX01D7H8Rv root@ubuntu-xenial
-----END SSH HOST KEY KEYS-----
[   35.004496] cloud-init[1305]: Cloud-init v. 17.1 running 'modules:final' at Wed, 22 Nov 2017 09:42:17 +0000. Up 34.75 seconds.
[   35.004895] cloud-init[1305]: ci-info: no authorized ssh keys fingerprints found for user ubuntu.
[   35.005116] cloud-init[1305]: Cloud-init v. 17.1 finished at Wed, 22 Nov 2017 09:42:17 +0000. Datasource DataSourceNoCloud [seed=/dev/sdb][dsmode=net].  Up 34.98 seconds
